                                      1 ;--------------------------------------------------------
                                      2 ; File Created by SDCC : free open source ANSI-C Compiler
                                      3 ; Version 4.1.6 #12439 (MINGW32)
                                      4 ;--------------------------------------------------------
                                      5 	.module GameBackground
                                      6 	.optsdcc -mgbz80
                                      7 	
                                      8 ;--------------------------------------------------------
                                      9 ; Public variables in this module
                                     10 ;--------------------------------------------------------
                                     11 	.globl _GameBackgroundPLN1
                                     12 	.globl _GameBackgroundPLN0
                                     13 ;--------------------------------------------------------
                                     14 ; special function registers
                                     15 ;--------------------------------------------------------
                                     16 ;--------------------------------------------------------
                                     17 ; ram data
                                     18 ;--------------------------------------------------------
                                     19 	.area _DATA
                                     20 ;--------------------------------------------------------
                                     21 ; ram data
                                     22 ;--------------------------------------------------------
                                     23 	.area _INITIALIZED
                           000000    24 G$GameBackgroundPLN0$0_0$0==.
      000000                         25 _GameBackgroundPLN0::
      000000                         26 	.ds 360
                           000168    27 G$GameBackgroundPLN1$0_0$0==.
      000168                         28 _GameBackgroundPLN1::
      000168                         29 	.ds 360
                                     30 ;--------------------------------------------------------
                                     31 ; absolute external ram data
                                     32 ;--------------------------------------------------------
                                     33 	.area _DABS (ABS)
                                     34 ;--------------------------------------------------------
                                     35 ; global & static initialisations
                                     36 ;--------------------------------------------------------
                                     37 	.area _HOME
                                     38 	.area _GSINIT
                                     39 	.area _GSFINAL
                                     40 	.area _GSINIT
                                     41 ;--------------------------------------------------------
                                     42 ; Home
                                     43 ;--------------------------------------------------------
                                     44 	.area _HOME
                                     45 	.area _HOME
                                     46 ;--------------------------------------------------------
                                     47 ; code
                                     48 ;--------------------------------------------------------
                                     49 	.area _CODE
                                     50 	.area _CODE
                                     51 	.area _INITIALIZER
                           000000    52 FGameBackground$__xinit_GameBackgroundPLN0$0_0$0 == .
      000000                         53 __xinit__GameBackgroundPLN0:
      000000 14                      54 	.db #0x14	; 20
      000001 14                      55 	.db #0x14	; 20
      000002 14                      56 	.db #0x14	; 20
      000003 14                      57 	.db #0x14	; 20
      000004 14                      58 	.db #0x14	; 20
      000005 14                      59 	.db #0x14	; 20
      000006 14                      60 	.db #0x14	; 20
      000007 14                      61 	.db #0x14	; 20
      000008 14                      62 	.db #0x14	; 20
      000009 14                      63 	.db #0x14	; 20
      00000A 14                      64 	.db #0x14	; 20
      00000B 14                      65 	.db #0x14	; 20
      00000C 14                      66 	.db #0x14	; 20
      00000D 14                      67 	.db #0x14	; 20
      00000E 14                      68 	.db #0x14	; 20
      00000F 14                      69 	.db #0x14	; 20
      000010 14                      70 	.db #0x14	; 20
      000011 14                      71 	.db #0x14	; 20
      000012 14                      72 	.db #0x14	; 20
      000013 14                      73 	.db #0x14	; 20
      000014 18                      74 	.db #0x18	; 24
      000015 19                      75 	.db #0x19	; 25
      000016 19                      76 	.db #0x19	; 25
      000017 19                      77 	.db #0x19	; 25
      000018 19                      78 	.db #0x19	; 25
      000019 19                      79 	.db #0x19	; 25
      00001A 19                      80 	.db #0x19	; 25
      00001B 19                      81 	.db #0x19	; 25
      00001C 19                      82 	.db #0x19	; 25
      00001D 19                      83 	.db #0x19	; 25
      00001E 19                      84 	.db #0x19	; 25
      00001F 19                      85 	.db #0x19	; 25
      000020 19                      86 	.db #0x19	; 25
      000021 19                      87 	.db #0x19	; 25
      000022 19                      88 	.db #0x19	; 25
      000023 19                      89 	.db #0x19	; 25
      000024 19                      90 	.db #0x19	; 25
      000025 19                      91 	.db #0x19	; 25
      000026 19                      92 	.db #0x19	; 25
      000027 1A                      93 	.db #0x1a	; 26
      000028 17                      94 	.db #0x17	; 23
      000029 01                      95 	.db #0x01	; 1
      00002A 01                      96 	.db #0x01	; 1
      00002B 01                      97 	.db #0x01	; 1
      00002C 01                      98 	.db #0x01	; 1
      00002D 01                      99 	.db #0x01	; 1
      00002E 01                     100 	.db #0x01	; 1
      00002F 01                     101 	.db #0x01	; 1
      000030 01                     102 	.db #0x01	; 1
      000031 01                     103 	.db #0x01	; 1
      000032 01                     104 	.db #0x01	; 1
      000033 01                     105 	.db #0x01	; 1
      000034 01                     106 	.db #0x01	; 1
      000035 01                     107 	.db #0x01	; 1
      000036 01                     108 	.db #0x01	; 1
      000037 01                     109 	.db #0x01	; 1
      000038 01                     110 	.db #0x01	; 1
      000039 01                     111 	.db #0x01	; 1
      00003A 01                     112 	.db #0x01	; 1
      00003B 1B                     113 	.db #0x1b	; 27
      00003C 17                     114 	.db #0x17	; 23
      00003D 01                     115 	.db #0x01	; 1
      00003E 01                     116 	.db #0x01	; 1
      00003F 01                     117 	.db #0x01	; 1
      000040 01                     118 	.db #0x01	; 1
      000041 01                     119 	.db #0x01	; 1
      000042 01                     120 	.db #0x01	; 1
      000043 01                     121 	.db #0x01	; 1
      000044 01                     122 	.db #0x01	; 1
      000045 01                     123 	.db #0x01	; 1
      000046 01                     124 	.db #0x01	; 1
      000047 01                     125 	.db #0x01	; 1
      000048 01                     126 	.db #0x01	; 1
      000049 01                     127 	.db #0x01	; 1
      00004A 01                     128 	.db #0x01	; 1
      00004B 01                     129 	.db #0x01	; 1
      00004C 01                     130 	.db #0x01	; 1
      00004D 01                     131 	.db #0x01	; 1
      00004E 01                     132 	.db #0x01	; 1
      00004F 1B                     133 	.db #0x1b	; 27
      000050 17                     134 	.db #0x17	; 23
      000051 01                     135 	.db #0x01	; 1
      000052 01                     136 	.db #0x01	; 1
      000053 01                     137 	.db #0x01	; 1
      000054 01                     138 	.db #0x01	; 1
      000055 01                     139 	.db #0x01	; 1
      000056 01                     140 	.db #0x01	; 1
      000057 01                     141 	.db #0x01	; 1
      000058 01                     142 	.db #0x01	; 1
      000059 01                     143 	.db #0x01	; 1
      00005A 01                     144 	.db #0x01	; 1
      00005B 01                     145 	.db #0x01	; 1
      00005C 01                     146 	.db #0x01	; 1
      00005D 01                     147 	.db #0x01	; 1
      00005E 01                     148 	.db #0x01	; 1
      00005F 01                     149 	.db #0x01	; 1
      000060 01                     150 	.db #0x01	; 1
      000061 01                     151 	.db #0x01	; 1
      000062 01                     152 	.db #0x01	; 1
      000063 1B                     153 	.db #0x1b	; 27
      000064 17                     154 	.db #0x17	; 23
      000065 01                     155 	.db #0x01	; 1
      000066 01                     156 	.db #0x01	; 1
      000067 01                     157 	.db #0x01	; 1
      000068 01                     158 	.db #0x01	; 1
      000069 01                     159 	.db #0x01	; 1
      00006A 01                     160 	.db #0x01	; 1
      00006B 01                     161 	.db #0x01	; 1
      00006C 01                     162 	.db #0x01	; 1
      00006D 01                     163 	.db #0x01	; 1
      00006E 01                     164 	.db #0x01	; 1
      00006F 01                     165 	.db #0x01	; 1
      000070 01                     166 	.db #0x01	; 1
      000071 01                     167 	.db #0x01	; 1
      000072 01                     168 	.db #0x01	; 1
      000073 01                     169 	.db #0x01	; 1
      000074 01                     170 	.db #0x01	; 1
      000075 01                     171 	.db #0x01	; 1
      000076 01                     172 	.db #0x01	; 1
      000077 1B                     173 	.db #0x1b	; 27
      000078 17                     174 	.db #0x17	; 23
      000079 01                     175 	.db #0x01	; 1
      00007A 01                     176 	.db #0x01	; 1
      00007B 01                     177 	.db #0x01	; 1
      00007C 01                     178 	.db #0x01	; 1
      00007D 01                     179 	.db #0x01	; 1
      00007E 01                     180 	.db #0x01	; 1
      00007F 01                     181 	.db #0x01	; 1
      000080 01                     182 	.db #0x01	; 1
      000081 01                     183 	.db #0x01	; 1
      000082 01                     184 	.db #0x01	; 1
      000083 01                     185 	.db #0x01	; 1
      000084 01                     186 	.db #0x01	; 1
      000085 01                     187 	.db #0x01	; 1
      000086 01                     188 	.db #0x01	; 1
      000087 01                     189 	.db #0x01	; 1
      000088 01                     190 	.db #0x01	; 1
      000089 01                     191 	.db #0x01	; 1
      00008A 01                     192 	.db #0x01	; 1
      00008B 1B                     193 	.db #0x1b	; 27
      00008C 17                     194 	.db #0x17	; 23
      00008D 01                     195 	.db #0x01	; 1
      00008E 01                     196 	.db #0x01	; 1
      00008F 01                     197 	.db #0x01	; 1
      000090 01                     198 	.db #0x01	; 1
      000091 01                     199 	.db #0x01	; 1
      000092 01                     200 	.db #0x01	; 1
      000093 01                     201 	.db #0x01	; 1
      000094 01                     202 	.db #0x01	; 1
      000095 01                     203 	.db #0x01	; 1
      000096 01                     204 	.db #0x01	; 1
      000097 01                     205 	.db #0x01	; 1
      000098 01                     206 	.db #0x01	; 1
      000099 01                     207 	.db #0x01	; 1
      00009A 01                     208 	.db #0x01	; 1
      00009B 01                     209 	.db #0x01	; 1
      00009C 01                     210 	.db #0x01	; 1
      00009D 01                     211 	.db #0x01	; 1
      00009E 01                     212 	.db #0x01	; 1
      00009F 1B                     213 	.db #0x1b	; 27
      0000A0 17                     214 	.db #0x17	; 23
      0000A1 01                     215 	.db #0x01	; 1
      0000A2 01                     216 	.db #0x01	; 1
      0000A3 01                     217 	.db #0x01	; 1
      0000A4 01                     218 	.db #0x01	; 1
      0000A5 01                     219 	.db #0x01	; 1
      0000A6 01                     220 	.db #0x01	; 1
      0000A7 01                     221 	.db #0x01	; 1
      0000A8 01                     222 	.db #0x01	; 1
      0000A9 01                     223 	.db #0x01	; 1
      0000AA 01                     224 	.db #0x01	; 1
      0000AB 01                     225 	.db #0x01	; 1
      0000AC 01                     226 	.db #0x01	; 1
      0000AD 01                     227 	.db #0x01	; 1
      0000AE 01                     228 	.db #0x01	; 1
      0000AF 01                     229 	.db #0x01	; 1
      0000B0 01                     230 	.db #0x01	; 1
      0000B1 01                     231 	.db #0x01	; 1
      0000B2 01                     232 	.db #0x01	; 1
      0000B3 1B                     233 	.db #0x1b	; 27
      0000B4 17                     234 	.db #0x17	; 23
      0000B5 01                     235 	.db #0x01	; 1
      0000B6 01                     236 	.db #0x01	; 1
      0000B7 01                     237 	.db #0x01	; 1
      0000B8 01                     238 	.db #0x01	; 1
      0000B9 01                     239 	.db #0x01	; 1
      0000BA 01                     240 	.db #0x01	; 1
      0000BB 01                     241 	.db #0x01	; 1
      0000BC 01                     242 	.db #0x01	; 1
      0000BD 01                     243 	.db #0x01	; 1
      0000BE 01                     244 	.db #0x01	; 1
      0000BF 01                     245 	.db #0x01	; 1
      0000C0 01                     246 	.db #0x01	; 1
      0000C1 01                     247 	.db #0x01	; 1
      0000C2 01                     248 	.db #0x01	; 1
      0000C3 01                     249 	.db #0x01	; 1
      0000C4 01                     250 	.db #0x01	; 1
      0000C5 01                     251 	.db #0x01	; 1
      0000C6 01                     252 	.db #0x01	; 1
      0000C7 1B                     253 	.db #0x1b	; 27
      0000C8 17                     254 	.db #0x17	; 23
      0000C9 01                     255 	.db #0x01	; 1
      0000CA 01                     256 	.db #0x01	; 1
      0000CB 01                     257 	.db #0x01	; 1
      0000CC 01                     258 	.db #0x01	; 1
      0000CD 01                     259 	.db #0x01	; 1
      0000CE 01                     260 	.db #0x01	; 1
      0000CF 01                     261 	.db #0x01	; 1
      0000D0 01                     262 	.db #0x01	; 1
      0000D1 01                     263 	.db #0x01	; 1
      0000D2 01                     264 	.db #0x01	; 1
      0000D3 01                     265 	.db #0x01	; 1
      0000D4 01                     266 	.db #0x01	; 1
      0000D5 01                     267 	.db #0x01	; 1
      0000D6 01                     268 	.db #0x01	; 1
      0000D7 01                     269 	.db #0x01	; 1
      0000D8 01                     270 	.db #0x01	; 1
      0000D9 01                     271 	.db #0x01	; 1
      0000DA 01                     272 	.db #0x01	; 1
      0000DB 1B                     273 	.db #0x1b	; 27
      0000DC 17                     274 	.db #0x17	; 23
      0000DD 01                     275 	.db #0x01	; 1
      0000DE 01                     276 	.db #0x01	; 1
      0000DF 01                     277 	.db #0x01	; 1
      0000E0 01                     278 	.db #0x01	; 1
      0000E1 01                     279 	.db #0x01	; 1
      0000E2 01                     280 	.db #0x01	; 1
      0000E3 01                     281 	.db #0x01	; 1
      0000E4 01                     282 	.db #0x01	; 1
      0000E5 01                     283 	.db #0x01	; 1
      0000E6 01                     284 	.db #0x01	; 1
      0000E7 01                     285 	.db #0x01	; 1
      0000E8 01                     286 	.db #0x01	; 1
      0000E9 01                     287 	.db #0x01	; 1
      0000EA 01                     288 	.db #0x01	; 1
      0000EB 01                     289 	.db #0x01	; 1
      0000EC 01                     290 	.db #0x01	; 1
      0000ED 01                     291 	.db #0x01	; 1
      0000EE 01                     292 	.db #0x01	; 1
      0000EF 1B                     293 	.db #0x1b	; 27
      0000F0 17                     294 	.db #0x17	; 23
      0000F1 01                     295 	.db #0x01	; 1
      0000F2 01                     296 	.db #0x01	; 1
      0000F3 01                     297 	.db #0x01	; 1
      0000F4 01                     298 	.db #0x01	; 1
      0000F5 01                     299 	.db #0x01	; 1
      0000F6 01                     300 	.db #0x01	; 1
      0000F7 01                     301 	.db #0x01	; 1
      0000F8 01                     302 	.db #0x01	; 1
      0000F9 01                     303 	.db #0x01	; 1
      0000FA 01                     304 	.db #0x01	; 1
      0000FB 01                     305 	.db #0x01	; 1
      0000FC 01                     306 	.db #0x01	; 1
      0000FD 01                     307 	.db #0x01	; 1
      0000FE 01                     308 	.db #0x01	; 1
      0000FF 01                     309 	.db #0x01	; 1
      000100 01                     310 	.db #0x01	; 1
      000101 01                     311 	.db #0x01	; 1
      000102 01                     312 	.db #0x01	; 1
      000103 1B                     313 	.db #0x1b	; 27
      000104 17                     314 	.db #0x17	; 23
      000105 01                     315 	.db #0x01	; 1
      000106 01                     316 	.db #0x01	; 1
      000107 01                     317 	.db #0x01	; 1
      000108 01                     318 	.db #0x01	; 1
      000109 01                     319 	.db #0x01	; 1
      00010A 01                     320 	.db #0x01	; 1
      00010B 01                     321 	.db #0x01	; 1
      00010C 01                     322 	.db #0x01	; 1
      00010D 01                     323 	.db #0x01	; 1
      00010E 01                     324 	.db #0x01	; 1
      00010F 01                     325 	.db #0x01	; 1
      000110 01                     326 	.db #0x01	; 1
      000111 01                     327 	.db #0x01	; 1
      000112 01                     328 	.db #0x01	; 1
      000113 01                     329 	.db #0x01	; 1
      000114 01                     330 	.db #0x01	; 1
      000115 01                     331 	.db #0x01	; 1
      000116 01                     332 	.db #0x01	; 1
      000117 1B                     333 	.db #0x1b	; 27
      000118 17                     334 	.db #0x17	; 23
      000119 01                     335 	.db #0x01	; 1
      00011A 01                     336 	.db #0x01	; 1
      00011B 01                     337 	.db #0x01	; 1
      00011C 01                     338 	.db #0x01	; 1
      00011D 01                     339 	.db #0x01	; 1
      00011E 01                     340 	.db #0x01	; 1
      00011F 01                     341 	.db #0x01	; 1
      000120 01                     342 	.db #0x01	; 1
      000121 01                     343 	.db #0x01	; 1
      000122 01                     344 	.db #0x01	; 1
      000123 01                     345 	.db #0x01	; 1
      000124 01                     346 	.db #0x01	; 1
      000125 01                     347 	.db #0x01	; 1
      000126 01                     348 	.db #0x01	; 1
      000127 01                     349 	.db #0x01	; 1
      000128 01                     350 	.db #0x01	; 1
      000129 01                     351 	.db #0x01	; 1
      00012A 01                     352 	.db #0x01	; 1
      00012B 1B                     353 	.db #0x1b	; 27
      00012C 17                     354 	.db #0x17	; 23
      00012D 01                     355 	.db #0x01	; 1
      00012E 01                     356 	.db #0x01	; 1
      00012F 01                     357 	.db #0x01	; 1
      000130 01                     358 	.db #0x01	; 1
      000131 01                     359 	.db #0x01	; 1
      000132 01                     360 	.db #0x01	; 1
      000133 01                     361 	.db #0x01	; 1
      000134 01                     362 	.db #0x01	; 1
      000135 01                     363 	.db #0x01	; 1
      000136 01                     364 	.db #0x01	; 1
      000137 01                     365 	.db #0x01	; 1
      000138 01                     366 	.db #0x01	; 1
      000139 01                     367 	.db #0x01	; 1
      00013A 01                     368 	.db #0x01	; 1
      00013B 01                     369 	.db #0x01	; 1
      00013C 01                     370 	.db #0x01	; 1
      00013D 01                     371 	.db #0x01	; 1
      00013E 01                     372 	.db #0x01	; 1
      00013F 1B                     373 	.db #0x1b	; 27
      000140 17                     374 	.db #0x17	; 23
      000141 01                     375 	.db #0x01	; 1
      000142 01                     376 	.db #0x01	; 1
      000143 01                     377 	.db #0x01	; 1
      000144 01                     378 	.db #0x01	; 1
      000145 01                     379 	.db #0x01	; 1
      000146 01                     380 	.db #0x01	; 1
      000147 01                     381 	.db #0x01	; 1
      000148 01                     382 	.db #0x01	; 1
      000149 01                     383 	.db #0x01	; 1
      00014A 01                     384 	.db #0x01	; 1
      00014B 01                     385 	.db #0x01	; 1
      00014C 01                     386 	.db #0x01	; 1
      00014D 01                     387 	.db #0x01	; 1
      00014E 01                     388 	.db #0x01	; 1
      00014F 01                     389 	.db #0x01	; 1
      000150 01                     390 	.db #0x01	; 1
      000151 01                     391 	.db #0x01	; 1
      000152 01                     392 	.db #0x01	; 1
      000153 1B                     393 	.db #0x1b	; 27
      000154 16                     394 	.db #0x16	; 22
      000155 15                     395 	.db #0x15	; 21
      000156 15                     396 	.db #0x15	; 21
      000157 15                     397 	.db #0x15	; 21
      000158 15                     398 	.db #0x15	; 21
      000159 15                     399 	.db #0x15	; 21
      00015A 15                     400 	.db #0x15	; 21
      00015B 15                     401 	.db #0x15	; 21
      00015C 15                     402 	.db #0x15	; 21
      00015D 15                     403 	.db #0x15	; 21
      00015E 15                     404 	.db #0x15	; 21
      00015F 15                     405 	.db #0x15	; 21
      000160 15                     406 	.db #0x15	; 21
      000161 15                     407 	.db #0x15	; 21
      000162 15                     408 	.db #0x15	; 21
      000163 15                     409 	.db #0x15	; 21
      000164 15                     410 	.db #0x15	; 21
      000165 15                     411 	.db #0x15	; 21
      000166 15                     412 	.db #0x15	; 21
      000167 1C                     413 	.db #0x1c	; 28
                           000168   414 FGameBackground$__xinit_GameBackgroundPLN1$0_0$0 == .
      000168                        415 __xinit__GameBackgroundPLN1:
      000168 05                     416 	.db #0x05	; 5
      000169 05                     417 	.db #0x05	; 5
      00016A 05                     418 	.db #0x05	; 5
      00016B 05                     419 	.db #0x05	; 5
      00016C 05                     420 	.db #0x05	; 5
      00016D 05                     421 	.db #0x05	; 5
      00016E 05                     422 	.db #0x05	; 5
      00016F 05                     423 	.db #0x05	; 5
      000170 05                     424 	.db #0x05	; 5
      000171 05                     425 	.db #0x05	; 5
      000172 05                     426 	.db #0x05	; 5
      000173 05                     427 	.db #0x05	; 5
      000174 05                     428 	.db #0x05	; 5
      000175 05                     429 	.db #0x05	; 5
      000176 05                     430 	.db #0x05	; 5
      000177 05                     431 	.db #0x05	; 5
      000178 05                     432 	.db #0x05	; 5
      000179 05                     433 	.db #0x05	; 5
      00017A 05                     434 	.db #0x05	; 5
      00017B 05                     435 	.db #0x05	; 5
      00017C 05                     436 	.db #0x05	; 5
      00017D 05                     437 	.db #0x05	; 5
      00017E 05                     438 	.db #0x05	; 5
      00017F 05                     439 	.db #0x05	; 5
      000180 05                     440 	.db #0x05	; 5
      000181 05                     441 	.db #0x05	; 5
      000182 05                     442 	.db #0x05	; 5
      000183 05                     443 	.db #0x05	; 5
      000184 05                     444 	.db #0x05	; 5
      000185 05                     445 	.db #0x05	; 5
      000186 05                     446 	.db #0x05	; 5
      000187 05                     447 	.db #0x05	; 5
      000188 05                     448 	.db #0x05	; 5
      000189 05                     449 	.db #0x05	; 5
      00018A 05                     450 	.db #0x05	; 5
      00018B 05                     451 	.db #0x05	; 5
      00018C 05                     452 	.db #0x05	; 5
      00018D 05                     453 	.db #0x05	; 5
      00018E 05                     454 	.db #0x05	; 5
      00018F 05                     455 	.db #0x05	; 5
      000190 05                     456 	.db #0x05	; 5
      000191 00                     457 	.db #0x00	; 0
      000192 00                     458 	.db #0x00	; 0
      000193 00                     459 	.db #0x00	; 0
      000194 00                     460 	.db #0x00	; 0
      000195 00                     461 	.db #0x00	; 0
      000196 00                     462 	.db #0x00	; 0
      000197 00                     463 	.db #0x00	; 0
      000198 00                     464 	.db #0x00	; 0
      000199 00                     465 	.db #0x00	; 0
      00019A 00                     466 	.db #0x00	; 0
      00019B 00                     467 	.db #0x00	; 0
      00019C 00                     468 	.db #0x00	; 0
      00019D 00                     469 	.db #0x00	; 0
      00019E 00                     470 	.db #0x00	; 0
      00019F 00                     471 	.db #0x00	; 0
      0001A0 00                     472 	.db #0x00	; 0
      0001A1 00                     473 	.db #0x00	; 0
      0001A2 00                     474 	.db #0x00	; 0
      0001A3 05                     475 	.db #0x05	; 5
      0001A4 05                     476 	.db #0x05	; 5
      0001A5 00                     477 	.db #0x00	; 0
      0001A6 00                     478 	.db #0x00	; 0
      0001A7 00                     479 	.db #0x00	; 0
      0001A8 00                     480 	.db #0x00	; 0
      0001A9 00                     481 	.db #0x00	; 0
      0001AA 00                     482 	.db #0x00	; 0
      0001AB 00                     483 	.db #0x00	; 0
      0001AC 00                     484 	.db #0x00	; 0
      0001AD 00                     485 	.db #0x00	; 0
      0001AE 00                     486 	.db #0x00	; 0
      0001AF 00                     487 	.db #0x00	; 0
      0001B0 00                     488 	.db #0x00	; 0
      0001B1 00                     489 	.db #0x00	; 0
      0001B2 00                     490 	.db #0x00	; 0
      0001B3 00                     491 	.db #0x00	; 0
      0001B4 00                     492 	.db #0x00	; 0
      0001B5 00                     493 	.db #0x00	; 0
      0001B6 00                     494 	.db #0x00	; 0
      0001B7 05                     495 	.db #0x05	; 5
      0001B8 05                     496 	.db #0x05	; 5
      0001B9 00                     497 	.db #0x00	; 0
      0001BA 00                     498 	.db #0x00	; 0
      0001BB 00                     499 	.db #0x00	; 0
      0001BC 00                     500 	.db #0x00	; 0
      0001BD 00                     501 	.db #0x00	; 0
      0001BE 00                     502 	.db #0x00	; 0
      0001BF 00                     503 	.db #0x00	; 0
      0001C0 00                     504 	.db #0x00	; 0
      0001C1 00                     505 	.db #0x00	; 0
      0001C2 00                     506 	.db #0x00	; 0
      0001C3 00                     507 	.db #0x00	; 0
      0001C4 00                     508 	.db #0x00	; 0
      0001C5 00                     509 	.db #0x00	; 0
      0001C6 00                     510 	.db #0x00	; 0
      0001C7 00                     511 	.db #0x00	; 0
      0001C8 00                     512 	.db #0x00	; 0
      0001C9 00                     513 	.db #0x00	; 0
      0001CA 00                     514 	.db #0x00	; 0
      0001CB 05                     515 	.db #0x05	; 5
      0001CC 05                     516 	.db #0x05	; 5
      0001CD 00                     517 	.db #0x00	; 0
      0001CE 00                     518 	.db #0x00	; 0
      0001CF 00                     519 	.db #0x00	; 0
      0001D0 00                     520 	.db #0x00	; 0
      0001D1 00                     521 	.db #0x00	; 0
      0001D2 00                     522 	.db #0x00	; 0
      0001D3 00                     523 	.db #0x00	; 0
      0001D4 00                     524 	.db #0x00	; 0
      0001D5 00                     525 	.db #0x00	; 0
      0001D6 00                     526 	.db #0x00	; 0
      0001D7 00                     527 	.db #0x00	; 0
      0001D8 00                     528 	.db #0x00	; 0
      0001D9 00                     529 	.db #0x00	; 0
      0001DA 00                     530 	.db #0x00	; 0
      0001DB 00                     531 	.db #0x00	; 0
      0001DC 00                     532 	.db #0x00	; 0
      0001DD 00                     533 	.db #0x00	; 0
      0001DE 00                     534 	.db #0x00	; 0
      0001DF 05                     535 	.db #0x05	; 5
      0001E0 05                     536 	.db #0x05	; 5
      0001E1 00                     537 	.db #0x00	; 0
      0001E2 00                     538 	.db #0x00	; 0
      0001E3 00                     539 	.db #0x00	; 0
      0001E4 00                     540 	.db #0x00	; 0
      0001E5 00                     541 	.db #0x00	; 0
      0001E6 00                     542 	.db #0x00	; 0
      0001E7 00                     543 	.db #0x00	; 0
      0001E8 00                     544 	.db #0x00	; 0
      0001E9 00                     545 	.db #0x00	; 0
      0001EA 00                     546 	.db #0x00	; 0
      0001EB 00                     547 	.db #0x00	; 0
      0001EC 00                     548 	.db #0x00	; 0
      0001ED 00                     549 	.db #0x00	; 0
      0001EE 00                     550 	.db #0x00	; 0
      0001EF 00                     551 	.db #0x00	; 0
      0001F0 00                     552 	.db #0x00	; 0
      0001F1 00                     553 	.db #0x00	; 0
      0001F2 00                     554 	.db #0x00	; 0
      0001F3 05                     555 	.db #0x05	; 5
      0001F4 05                     556 	.db #0x05	; 5
      0001F5 00                     557 	.db #0x00	; 0
      0001F6 00                     558 	.db #0x00	; 0
      0001F7 00                     559 	.db #0x00	; 0
      0001F8 00                     560 	.db #0x00	; 0
      0001F9 00                     561 	.db #0x00	; 0
      0001FA 00                     562 	.db #0x00	; 0
      0001FB 00                     563 	.db #0x00	; 0
      0001FC 00                     564 	.db #0x00	; 0
      0001FD 00                     565 	.db #0x00	; 0
      0001FE 00                     566 	.db #0x00	; 0
      0001FF 00                     567 	.db #0x00	; 0
      000200 00                     568 	.db #0x00	; 0
      000201 00                     569 	.db #0x00	; 0
      000202 00                     570 	.db #0x00	; 0
      000203 00                     571 	.db #0x00	; 0
      000204 00                     572 	.db #0x00	; 0
      000205 00                     573 	.db #0x00	; 0
      000206 00                     574 	.db #0x00	; 0
      000207 05                     575 	.db #0x05	; 5
      000208 05                     576 	.db #0x05	; 5
      000209 00                     577 	.db #0x00	; 0
      00020A 00                     578 	.db #0x00	; 0
      00020B 00                     579 	.db #0x00	; 0
      00020C 00                     580 	.db #0x00	; 0
      00020D 00                     581 	.db #0x00	; 0
      00020E 00                     582 	.db #0x00	; 0
      00020F 00                     583 	.db #0x00	; 0
      000210 00                     584 	.db #0x00	; 0
      000211 00                     585 	.db #0x00	; 0
      000212 00                     586 	.db #0x00	; 0
      000213 00                     587 	.db #0x00	; 0
      000214 00                     588 	.db #0x00	; 0
      000215 00                     589 	.db #0x00	; 0
      000216 00                     590 	.db #0x00	; 0
      000217 00                     591 	.db #0x00	; 0
      000218 00                     592 	.db #0x00	; 0
      000219 00                     593 	.db #0x00	; 0
      00021A 00                     594 	.db #0x00	; 0
      00021B 05                     595 	.db #0x05	; 5
      00021C 05                     596 	.db #0x05	; 5
      00021D 00                     597 	.db #0x00	; 0
      00021E 00                     598 	.db #0x00	; 0
      00021F 00                     599 	.db #0x00	; 0
      000220 00                     600 	.db #0x00	; 0
      000221 00                     601 	.db #0x00	; 0
      000222 00                     602 	.db #0x00	; 0
      000223 00                     603 	.db #0x00	; 0
      000224 00                     604 	.db #0x00	; 0
      000225 00                     605 	.db #0x00	; 0
      000226 00                     606 	.db #0x00	; 0
      000227 00                     607 	.db #0x00	; 0
      000228 00                     608 	.db #0x00	; 0
      000229 00                     609 	.db #0x00	; 0
      00022A 00                     610 	.db #0x00	; 0
      00022B 00                     611 	.db #0x00	; 0
      00022C 00                     612 	.db #0x00	; 0
      00022D 00                     613 	.db #0x00	; 0
      00022E 00                     614 	.db #0x00	; 0
      00022F 05                     615 	.db #0x05	; 5
      000230 05                     616 	.db #0x05	; 5
      000231 00                     617 	.db #0x00	; 0
      000232 00                     618 	.db #0x00	; 0
      000233 00                     619 	.db #0x00	; 0
      000234 00                     620 	.db #0x00	; 0
      000235 00                     621 	.db #0x00	; 0
      000236 00                     622 	.db #0x00	; 0
      000237 00                     623 	.db #0x00	; 0
      000238 00                     624 	.db #0x00	; 0
      000239 00                     625 	.db #0x00	; 0
      00023A 00                     626 	.db #0x00	; 0
      00023B 00                     627 	.db #0x00	; 0
      00023C 00                     628 	.db #0x00	; 0
      00023D 00                     629 	.db #0x00	; 0
      00023E 00                     630 	.db #0x00	; 0
      00023F 00                     631 	.db #0x00	; 0
      000240 00                     632 	.db #0x00	; 0
      000241 00                     633 	.db #0x00	; 0
      000242 00                     634 	.db #0x00	; 0
      000243 05                     635 	.db #0x05	; 5
      000244 05                     636 	.db #0x05	; 5
      000245 00                     637 	.db #0x00	; 0
      000246 00                     638 	.db #0x00	; 0
      000247 00                     639 	.db #0x00	; 0
      000248 00                     640 	.db #0x00	; 0
      000249 00                     641 	.db #0x00	; 0
      00024A 00                     642 	.db #0x00	; 0
      00024B 00                     643 	.db #0x00	; 0
      00024C 00                     644 	.db #0x00	; 0
      00024D 00                     645 	.db #0x00	; 0
      00024E 00                     646 	.db #0x00	; 0
      00024F 00                     647 	.db #0x00	; 0
      000250 00                     648 	.db #0x00	; 0
      000251 00                     649 	.db #0x00	; 0
      000252 00                     650 	.db #0x00	; 0
      000253 00                     651 	.db #0x00	; 0
      000254 00                     652 	.db #0x00	; 0
      000255 00                     653 	.db #0x00	; 0
      000256 00                     654 	.db #0x00	; 0
      000257 05                     655 	.db #0x05	; 5
      000258 05                     656 	.db #0x05	; 5
      000259 00                     657 	.db #0x00	; 0
      00025A 00                     658 	.db #0x00	; 0
      00025B 00                     659 	.db #0x00	; 0
      00025C 00                     660 	.db #0x00	; 0
      00025D 00                     661 	.db #0x00	; 0
      00025E 00                     662 	.db #0x00	; 0
      00025F 00                     663 	.db #0x00	; 0
      000260 00                     664 	.db #0x00	; 0
      000261 00                     665 	.db #0x00	; 0
      000262 00                     666 	.db #0x00	; 0
      000263 00                     667 	.db #0x00	; 0
      000264 00                     668 	.db #0x00	; 0
      000265 00                     669 	.db #0x00	; 0
      000266 00                     670 	.db #0x00	; 0
      000267 00                     671 	.db #0x00	; 0
      000268 00                     672 	.db #0x00	; 0
      000269 00                     673 	.db #0x00	; 0
      00026A 00                     674 	.db #0x00	; 0
      00026B 05                     675 	.db #0x05	; 5
      00026C 05                     676 	.db #0x05	; 5
      00026D 00                     677 	.db #0x00	; 0
      00026E 00                     678 	.db #0x00	; 0
      00026F 00                     679 	.db #0x00	; 0
      000270 00                     680 	.db #0x00	; 0
      000271 00                     681 	.db #0x00	; 0
      000272 00                     682 	.db #0x00	; 0
      000273 00                     683 	.db #0x00	; 0
      000274 00                     684 	.db #0x00	; 0
      000275 00                     685 	.db #0x00	; 0
      000276 00                     686 	.db #0x00	; 0
      000277 00                     687 	.db #0x00	; 0
      000278 00                     688 	.db #0x00	; 0
      000279 00                     689 	.db #0x00	; 0
      00027A 00                     690 	.db #0x00	; 0
      00027B 00                     691 	.db #0x00	; 0
      00027C 00                     692 	.db #0x00	; 0
      00027D 00                     693 	.db #0x00	; 0
      00027E 00                     694 	.db #0x00	; 0
      00027F 05                     695 	.db #0x05	; 5
      000280 05                     696 	.db #0x05	; 5
      000281 00                     697 	.db #0x00	; 0
      000282 00                     698 	.db #0x00	; 0
      000283 00                     699 	.db #0x00	; 0
      000284 00                     700 	.db #0x00	; 0
      000285 00                     701 	.db #0x00	; 0
      000286 00                     702 	.db #0x00	; 0
      000287 00                     703 	.db #0x00	; 0
      000288 00                     704 	.db #0x00	; 0
      000289 00                     705 	.db #0x00	; 0
      00028A 00                     706 	.db #0x00	; 0
      00028B 00                     707 	.db #0x00	; 0
      00028C 00                     708 	.db #0x00	; 0
      00028D 00                     709 	.db #0x00	; 0
      00028E 00                     710 	.db #0x00	; 0
      00028F 00                     711 	.db #0x00	; 0
      000290 00                     712 	.db #0x00	; 0
      000291 00                     713 	.db #0x00	; 0
      000292 00                     714 	.db #0x00	; 0
      000293 05                     715 	.db #0x05	; 5
      000294 05                     716 	.db #0x05	; 5
      000295 00                     717 	.db #0x00	; 0
      000296 00                     718 	.db #0x00	; 0
      000297 00                     719 	.db #0x00	; 0
      000298 00                     720 	.db #0x00	; 0
      000299 00                     721 	.db #0x00	; 0
      00029A 00                     722 	.db #0x00	; 0
      00029B 00                     723 	.db #0x00	; 0
      00029C 00                     724 	.db #0x00	; 0
      00029D 00                     725 	.db #0x00	; 0
      00029E 00                     726 	.db #0x00	; 0
      00029F 00                     727 	.db #0x00	; 0
      0002A0 00                     728 	.db #0x00	; 0
      0002A1 00                     729 	.db #0x00	; 0
      0002A2 00                     730 	.db #0x00	; 0
      0002A3 00                     731 	.db #0x00	; 0
      0002A4 00                     732 	.db #0x00	; 0
      0002A5 00                     733 	.db #0x00	; 0
      0002A6 00                     734 	.db #0x00	; 0
      0002A7 05                     735 	.db #0x05	; 5
      0002A8 05                     736 	.db #0x05	; 5
      0002A9 00                     737 	.db #0x00	; 0
      0002AA 00                     738 	.db #0x00	; 0
      0002AB 00                     739 	.db #0x00	; 0
      0002AC 00                     740 	.db #0x00	; 0
      0002AD 00                     741 	.db #0x00	; 0
      0002AE 00                     742 	.db #0x00	; 0
      0002AF 00                     743 	.db #0x00	; 0
      0002B0 00                     744 	.db #0x00	; 0
      0002B1 00                     745 	.db #0x00	; 0
      0002B2 00                     746 	.db #0x00	; 0
      0002B3 00                     747 	.db #0x00	; 0
      0002B4 00                     748 	.db #0x00	; 0
      0002B5 00                     749 	.db #0x00	; 0
      0002B6 00                     750 	.db #0x00	; 0
      0002B7 00                     751 	.db #0x00	; 0
      0002B8 00                     752 	.db #0x00	; 0
      0002B9 00                     753 	.db #0x00	; 0
      0002BA 00                     754 	.db #0x00	; 0
      0002BB 05                     755 	.db #0x05	; 5
      0002BC 05                     756 	.db #0x05	; 5
      0002BD 05                     757 	.db #0x05	; 5
      0002BE 05                     758 	.db #0x05	; 5
      0002BF 05                     759 	.db #0x05	; 5
      0002C0 05                     760 	.db #0x05	; 5
      0002C1 05                     761 	.db #0x05	; 5
      0002C2 05                     762 	.db #0x05	; 5
      0002C3 05                     763 	.db #0x05	; 5
      0002C4 05                     764 	.db #0x05	; 5
      0002C5 05                     765 	.db #0x05	; 5
      0002C6 05                     766 	.db #0x05	; 5
      0002C7 05                     767 	.db #0x05	; 5
      0002C8 05                     768 	.db #0x05	; 5
      0002C9 05                     769 	.db #0x05	; 5
      0002CA 05                     770 	.db #0x05	; 5
      0002CB 05                     771 	.db #0x05	; 5
      0002CC 05                     772 	.db #0x05	; 5
      0002CD 05                     773 	.db #0x05	; 5
      0002CE 05                     774 	.db #0x05	; 5
      0002CF 05                     775 	.db #0x05	; 5
                                    776 	.area _CABS (ABS)
