                                      1 ;--------------------------------------------------------
                                      2 ; File Created by SDCC : free open source ANSI-C Compiler
                                      3 ; Version 4.1.6 #12439 (MINGW32)
                                      4 ;--------------------------------------------------------
                                      5 	.module Player
                                      6 	.optsdcc -mgbz80
                                      7 	
                                      8 ;--------------------------------------------------------
                                      9 ; Public variables in this module
                                     10 ;--------------------------------------------------------
                                     11 	.globl _Player
                                     12 	.globl _PlayerCGB
                                     13 ;--------------------------------------------------------
                                     14 ; special function registers
                                     15 ;--------------------------------------------------------
                                     16 ;--------------------------------------------------------
                                     17 ; ram data
                                     18 ;--------------------------------------------------------
                                     19 	.area _DATA
                                     20 ;--------------------------------------------------------
                                     21 ; ram data
                                     22 ;--------------------------------------------------------
                                     23 	.area _INITIALIZED
      000000                         24 _PlayerCGB::
      000000                         25 	.ds 8
      000008                         26 _Player::
      000008                         27 	.ds 128
                                     28 ;--------------------------------------------------------
                                     29 ; absolute external ram data
                                     30 ;--------------------------------------------------------
                                     31 	.area _DABS (ABS)
                                     32 ;--------------------------------------------------------
                                     33 ; global & static initialisations
                                     34 ;--------------------------------------------------------
                                     35 	.area _HOME
                                     36 	.area _GSINIT
                                     37 	.area _GSFINAL
                                     38 	.area _GSINIT
                                     39 ;--------------------------------------------------------
                                     40 ; Home
                                     41 ;--------------------------------------------------------
                                     42 	.area _HOME
                                     43 	.area _HOME
                                     44 ;--------------------------------------------------------
                                     45 ; code
                                     46 ;--------------------------------------------------------
                                     47 	.area _CODE
                                     48 	.area _CODE
                                     49 	.area _INITIALIZER
      000000                         50 __xinit__PlayerCGB:
      000000 00                      51 	.db #0x00	; 0
      000001 00                      52 	.db #0x00	; 0
      000002 00                      53 	.db #0x00	; 0
      000003 00                      54 	.db #0x00	; 0
      000004 00                      55 	.db #0x00	; 0
      000005 00                      56 	.db #0x00	; 0
      000006 00                      57 	.db #0x00	; 0
      000007 00                      58 	.db #0x00	; 0
      000008                         59 __xinit__Player:
      000008 E7                      60 	.db #0xe7	; 231
      000009 E7                      61 	.db #0xe7	; 231
      00000A 81                      62 	.db #0x81	; 129
      00000B 81                      63 	.db #0x81	; 129
      00000C 81                      64 	.db #0x81	; 129
      00000D 81                      65 	.db #0x81	; 129
      00000E 00                      66 	.db #0x00	; 0
      00000F 00                      67 	.db #0x00	; 0
      000010 00                      68 	.db #0x00	; 0
      000011 00                      69 	.db #0x00	; 0
      000012 81                      70 	.db #0x81	; 129
      000013 81                      71 	.db #0x81	; 129
      000014 81                      72 	.db #0x81	; 129
      000015 81                      73 	.db #0x81	; 129
      000016 E7                      74 	.db #0xe7	; 231
      000017 E7                      75 	.db #0xe7	; 231
      000018 E7                      76 	.db #0xe7	; 231
      000019 E7                      77 	.db #0xe7	; 231
      00001A 81                      78 	.db #0x81	; 129
      00001B 81                      79 	.db #0x81	; 129
      00001C 81                      80 	.db #0x81	; 129
      00001D 81                      81 	.db #0x81	; 129
      00001E 00                      82 	.db #0x00	; 0
      00001F 00                      83 	.db #0x00	; 0
      000020 00                      84 	.db #0x00	; 0
      000021 00                      85 	.db #0x00	; 0
      000022 81                      86 	.db #0x81	; 129
      000023 81                      87 	.db #0x81	; 129
      000024 81                      88 	.db #0x81	; 129
      000025 81                      89 	.db #0x81	; 129
      000026 E7                      90 	.db #0xe7	; 231
      000027 E7                      91 	.db #0xe7	; 231
      000028 00                      92 	.db #0x00	; 0
      000029 00                      93 	.db #0x00	; 0
      00002A 66                      94 	.db #0x66	; 102	'f'
      00002B 66                      95 	.db #0x66	; 102	'f'
      00002C 42                      96 	.db #0x42	; 66	'B'
      00002D 42                      97 	.db #0x42	; 66	'B'
      00002E 00                      98 	.db #0x00	; 0
      00002F 00                      99 	.db #0x00	; 0
      000030 00                     100 	.db #0x00	; 0
      000031 00                     101 	.db #0x00	; 0
      000032 42                     102 	.db #0x42	; 66	'B'
      000033 42                     103 	.db #0x42	; 66	'B'
      000034 66                     104 	.db #0x66	; 102	'f'
      000035 66                     105 	.db #0x66	; 102	'f'
      000036 00                     106 	.db #0x00	; 0
      000037 00                     107 	.db #0x00	; 0
      000038 00                     108 	.db #0x00	; 0
      000039 00                     109 	.db #0x00	; 0
      00003A 66                     110 	.db #0x66	; 102	'f'
      00003B 66                     111 	.db #0x66	; 102	'f'
      00003C 81                     112 	.db #0x81	; 129
      00003D 81                     113 	.db #0x81	; 129
      00003E 81                     114 	.db #0x81	; 129
      00003F 81                     115 	.db #0x81	; 129
      000040 00                     116 	.db #0x00	; 0
      000041 00                     117 	.db #0x00	; 0
      000042 81                     118 	.db #0x81	; 129
      000043 81                     119 	.db #0x81	; 129
      000044 81                     120 	.db #0x81	; 129
      000045 81                     121 	.db #0x81	; 129
      000046 E7                     122 	.db #0xe7	; 231
      000047 E7                     123 	.db #0xe7	; 231
      000048 00                     124 	.db #0x00	; 0
      000049 00                     125 	.db #0x00	; 0
      00004A 00                     126 	.db #0x00	; 0
      00004B 00                     127 	.db #0x00	; 0
      00004C 26                     128 	.db #0x26	; 38
      00004D 26                     129 	.db #0x26	; 38
      00004E 51                     130 	.db #0x51	; 81	'Q'
      00004F 51                     131 	.db #0x51	; 81	'Q'
      000050 81                     132 	.db #0x81	; 129
      000051 81                     133 	.db #0x81	; 129
      000052 00                     134 	.db #0x00	; 0
      000053 00                     135 	.db #0x00	; 0
      000054 C3                     136 	.db #0xc3	; 195
      000055 C3                     137 	.db #0xc3	; 195
      000056 E7                     138 	.db #0xe7	; 231
      000057 E7                     139 	.db #0xe7	; 231
      000058 00                     140 	.db #0x00	; 0
      000059 00                     141 	.db #0x00	; 0
      00005A 00                     142 	.db #0x00	; 0
      00005B 00                     143 	.db #0x00	; 0
      00005C 00                     144 	.db #0x00	; 0
      00005D 00                     145 	.db #0x00	; 0
      00005E 00                     146 	.db #0x00	; 0
      00005F 00                     147 	.db #0x00	; 0
      000060 28                     148 	.db #0x28	; 40
      000061 28                     149 	.db #0x28	; 40
      000062 66                     150 	.db #0x66	; 102	'f'
      000063 66                     151 	.db #0x66	; 102	'f'
      000064 C3                     152 	.db #0xc3	; 195
      000065 C3                     153 	.db #0xc3	; 195
      000066 E7                     154 	.db #0xe7	; 231
      000067 E7                     155 	.db #0xe7	; 231
      000068 00                     156 	.db #0x00	; 0
      000069 00                     157 	.db #0x00	; 0
      00006A 00                     158 	.db #0x00	; 0
      00006B 00                     159 	.db #0x00	; 0
      00006C 00                     160 	.db #0x00	; 0
      00006D 00                     161 	.db #0x00	; 0
      00006E 00                     162 	.db #0x00	; 0
      00006F 00                     163 	.db #0x00	; 0
      000070 00                     164 	.db #0x00	; 0
      000071 00                     165 	.db #0x00	; 0
      000072 10                     166 	.db #0x10	; 16
      000073 10                     167 	.db #0x10	; 16
      000074 5D                     168 	.db #0x5d	; 93
      000075 5D                     169 	.db #0x5d	; 93
      000076 FF                     170 	.db #0xff	; 255
      000077 FF                     171 	.db #0xff	; 255
      000078 00                     172 	.db #0x00	; 0
      000079 00                     173 	.db #0x00	; 0
      00007A 00                     174 	.db #0x00	; 0
      00007B 00                     175 	.db #0x00	; 0
      00007C 00                     176 	.db #0x00	; 0
      00007D 00                     177 	.db #0x00	; 0
      00007E 00                     178 	.db #0x00	; 0
      00007F 00                     179 	.db #0x00	; 0
      000080 00                     180 	.db #0x00	; 0
      000081 00                     181 	.db #0x00	; 0
      000082 00                     182 	.db #0x00	; 0
      000083 00                     183 	.db #0x00	; 0
      000084 00                     184 	.db #0x00	; 0
      000085 00                     185 	.db #0x00	; 0
      000086 BE                     186 	.db #0xbe	; 190
      000087 BE                     187 	.db #0xbe	; 190
                                    188 	.area _CABS (ABS)
